E, [2021-03-26T18:10:31.903842 #80410] ERROR -- Kitchen: ------Exception-------
E, [2021-03-26T18:10:31.904235 #80410] ERROR -- Kitchen: Class: Kitchen::UserError
E, [2021-03-26T18:10:31.904292 #80410] ERROR -- Kitchen: Message: Kitchen YAML file /Users/varunsharma/Documents/Learning/chef/chef-workshop-solution/kitchen.yml does not exist.
E, [2021-03-26T18:10:31.904320 #80410] ERROR -- Kitchen: ----------------------
E, [2021-03-26T18:10:31.904343 #80410] ERROR -- Kitchen: ------Backtrace-------
E, [2021-03-26T18:10:31.904365 #80410] ERROR -- Kitchen: /opt/chef-workstation/embedded/lib/ruby/gems/2.7.0/gems/test-kitchen-2.10.0/lib/kitchen/loader/yaml.rb:65:in `read'
E, [2021-03-26T18:10:31.904386 #80410] ERROR -- Kitchen: /opt/chef-workstation/embedded/lib/ruby/gems/2.7.0/gems/test-kitchen-2.10.0/lib/kitchen/config.rb:153:in `data'
E, [2021-03-26T18:10:31.904408 #80410] ERROR -- Kitchen: /opt/chef-workstation/embedded/lib/ruby/gems/2.7.0/gems/test-kitchen-2.10.0/lib/kitchen/config.rb:131:in `suites'
E, [2021-03-26T18:10:31.904429 #80410] ERROR -- Kitchen: /opt/chef-workstation/embedded/lib/ruby/gems/2.7.0/gems/test-kitchen-2.10.0/lib/kitchen/config.rb:183:in `filter_instances'
E, [2021-03-26T18:10:31.904449 #80410] ERROR -- Kitchen: /opt/chef-workstation/embedded/lib/ruby/gems/2.7.0/gems/test-kitchen-2.10.0/lib/kitchen/config.rb:142:in `build_instances'
E, [2021-03-26T18:10:31.904470 #80410] ERROR -- Kitchen: /opt/chef-workstation/embedded/lib/ruby/gems/2.7.0/gems/test-kitchen-2.10.0/lib/kitchen/config.rb:116:in `instances'
E, [2021-03-26T18:10:31.904500 #80410] ERROR -- Kitchen: /opt/chef-workstation/embedded/lib/ruby/gems/2.7.0/gems/test-kitchen-2.10.0/lib/kitchen/command.rb:109:in `filtered_instances'
E, [2021-03-26T18:10:31.904523 #80410] ERROR -- Kitchen: /opt/chef-workstation/embedded/lib/ruby/gems/2.7.0/gems/test-kitchen-2.10.0/lib/kitchen/command.rb:139:in `parse_subcommand'
E, [2021-03-26T18:10:31.904545 #80410] ERROR -- Kitchen: /opt/chef-workstation/embedded/lib/ruby/gems/2.7.0/gems/test-kitchen-2.10.0/lib/kitchen/command/list.rb:29:in `call'
E, [2021-03-26T18:10:31.904567 #80410] ERROR -- Kitchen: /opt/chef-workstation/embedded/lib/ruby/gems/2.7.0/gems/test-kitchen-2.10.0/lib/kitchen/cli.rb:52:in `perform'
E, [2021-03-26T18:10:31.904589 #80410] ERROR -- Kitchen: /opt/chef-workstation/embedded/lib/ruby/gems/2.7.0/gems/test-kitchen-2.10.0/lib/kitchen/cli.rb:120:in `list'
E, [2021-03-26T18:10:31.904610 #80410] ERROR -- Kitchen: /opt/chef-workstation/embedded/lib/ruby/gems/2.7.0/gems/thor-1.1.0/lib/thor/command.rb:27:in `run'
E, [2021-03-26T18:10:31.904631 #80410] ERROR -- Kitchen: /opt/chef-workstation/embedded/lib/ruby/gems/2.7.0/gems/thor-1.1.0/lib/thor/invocation.rb:127:in `invoke_command'
E, [2021-03-26T18:10:31.904653 #80410] ERROR -- Kitchen: /opt/chef-workstation/embedded/lib/ruby/gems/2.7.0/gems/thor-1.1.0/lib/thor.rb:392:in `dispatch'
E, [2021-03-26T18:10:31.904712 #80410] ERROR -- Kitchen: /opt/chef-workstation/embedded/lib/ruby/gems/2.7.0/gems/thor-1.1.0/lib/thor/base.rb:485:in `start'
E, [2021-03-26T18:10:31.904734 #80410] ERROR -- Kitchen: /opt/chef-workstation/embedded/lib/ruby/gems/2.7.0/gems/test-kitchen-2.10.0/bin/kitchen:11:in `block in <top (required)>'
E, [2021-03-26T18:10:31.904756 #80410] ERROR -- Kitchen: /opt/chef-workstation/embedded/lib/ruby/gems/2.7.0/gems/test-kitchen-2.10.0/lib/kitchen/errors.rb:170:in `with_friendly_errors'
E, [2021-03-26T18:10:31.904777 #80410] ERROR -- Kitchen: /opt/chef-workstation/embedded/lib/ruby/gems/2.7.0/gems/test-kitchen-2.10.0/bin/kitchen:11:in `<top (required)>'
E, [2021-03-26T18:10:31.904797 #80410] ERROR -- Kitchen: /usr/local/bin/kitchen:355:in `load'
E, [2021-03-26T18:10:31.904818 #80410] ERROR -- Kitchen: /usr/local/bin/kitchen:355:in `<main>'
E, [2021-03-26T18:10:31.904838 #80410] ERROR -- Kitchen: ----End Backtrace-----
